# JRE version: OpenJDK Runtime Environment (8.0_242-b01) (build 1.8.0_242-release-1644-b01)
# Java VM: OpenJDK 64-Bit Server VM (25.242-b01 mixed mode windows-amd64 compressed oops)
Heap:
 PSYoungGen      total 643584K, used 553998K [0x00000000d5580000, 0x00000000ffd80000, 0x0000000100000000)
  eden space 593920K, 91% used [0x00000000d5580000,0x00000000f68783c8,0x00000000f9980000)
  from space 49664K, 20% used [0x00000000fcd00000,0x00000000fd70b4c0,0x00000000ffd80000)
  to   space 51200K, 0% used [0x00000000f9980000,0x00000000f9980000,0x00000000fcb80000)
 ParOldGen       total 324096K, used 193608K [0x0000000080000000, 0x0000000093c80000, 0x00000000d5580000)
  object space 324096K, 59% used [0x0000000080000000,0x000000008bd12220,0x0000000093c80000)
 Metaspace       used 96471K, capacity 101260K, committed 102056K, reserved 1136640K
  class space    used 12730K, capacity 13639K, committed 14000K, reserved 1048576K
GC Heap History (10 events):
Event: 21.387 GC heap before
{Heap before GC invocations=20 (full 4):
 PSYoungGen      total 622592K, used 576273K [0x00000000d5580000, 0x0000000100000000, 0x0000000100000000)
  eden space 559616K, 100% used [0x00000000d5580000,0x00000000f7800000,0x00000000f7800000)
  from space 62976K, 26% used [0x00000000f7800000,0x00000000f8844478,0x00000000fb580000)
  to   space 60928K, 0% used [0x00000000fc480000,0x00000000fc480000,0x0000000100000000)
 ParOldGen       total 324096K, used 138328K [0x0000000080000000, 0x0000000093c80000, 0x00000000d5580000)
  object space 324096K, 42% used [0x0000000080000000,0x00000000887162c0,0x0000000093c80000)
 Metaspace       used 96171K, capacity 101044K, committed 101800K, reserved 1136640K
  class space    used 12729K, capacity 13637K, committed 14000K, reserved 1048576K
Event: 21.410 GC heap after
Heap after GC invocations=20 (full 4):
 PSYoungGen      total 629760K, used 16642K [0x00000000d5580000, 0x00000000ffa00000, 0x0000000100000000)
  eden space 574976K, 0% used [0x00000000d5580000,0x00000000d5580000,0x00000000f8700000)
  from space 54784K, 30% used [0x00000000fc480000,0x00000000fd4c0938,0x00000000ffa00000)
  to   space 58880K, 0% used [0x00000000f8700000,0x00000000f8700000,0x00000000fc080000)
 ParOldGen       total 324096K, used 148344K [0x0000000080000000, 0x0000000093c80000, 0x00000000d5580000)
  object space 324096K, 45% used [0x0000000080000000,0x00000000890de3d0,0x0000000093c80000)
 Metaspace       used 96171K, capacity 101044K, committed 101800K, reserved 1136640K
  class space    used 12729K, capacity 13637K, committed 14000K, reserved 1048576K
}
Event: 22.132 GC heap before
{Heap before GC invocations=21 (full 4):
 PSYoungGen      total 629760K, used 591618K [0x00000000d5580000, 0x00000000ffa00000, 0x0000000100000000)
  eden space 574976K, 100% used [0x00000000d5580000,0x00000000f8700000,0x00000000f8700000)
  from space 54784K, 30% used [0x00000000fc480000,0x00000000fd4c0938,0x00000000ffa00000)
  to   space 58880K, 0% used [0x00000000f8700000,0x00000000f8700000,0x00000000fc080000)
 ParOldGen       total 324096K, used 148344K [0x0000000080000000, 0x0000000093c80000, 0x00000000d5580000)
  object space 324096K, 45% used [0x0000000080000000,0x00000000890de3d0,0x0000000093c80000)
 Metaspace       used 96270K, capacity 101120K, committed 101800K, reserved 1136640K
  class space    used 12730K, capacity 13639K, committed 14000K, reserved 1048576K
Event: 22.170 GC heap after
Heap after GC invocations=21 (full 4):
 PSYoungGen      total 633856K, used 24075K [0x00000000d5580000, 0x00000000ffd00000, 0x0000000100000000)
  eden space 574976K, 0% used [0x00000000d5580000,0x00000000d5580000,0x00000000f8700000)
  from space 58880K, 40% used [0x00000000f8700000,0x00000000f9e82df8,0x00000000fc080000)
  to   space 55296K, 0% used [0x00000000fc700000,0x00000000fc700000,0x00000000ffd00000)
 ParOldGen       total 324096K, used 155307K [0x0000000080000000, 0x0000000093c80000, 0x00000000d5580000)
  object space 324096K, 47% used [0x0000000080000000,0x00000000897aaf50,0x0000000093c80000)
 Metaspace       used 96270K, capacity 101120K, committed 101800K, reserved 1136640K
  class space    used 12730K, capacity 13639K, committed 14000K, reserved 1048576K
}
Event: 22.842 GC heap before
{Heap before GC invocations=22 (full 4):
 PSYoungGen      total 633856K, used 599051K [0x00000000d5580000, 0x00000000ffd00000, 0x0000000100000000)
  eden space 574976K, 100% used [0x00000000d5580000,0x00000000f8700000,0x00000000f8700000)
  from space 58880K, 40% used [0x00000000f8700000,0x00000000f9e82df8,0x00000000fc080000)
  to   space 55296K, 0% used [0x00000000fc700000,0x00000000fc700000,0x00000000ffd00000)
 ParOldGen       total 324096K, used 155307K [0x0000000080000000, 0x0000000093c80000, 0x00000000d5580000)
  object space 324096K, 47% used [0x0000000080000000,0x00000000897aaf50,0x0000000093c80000)
 Metaspace       used 96303K, capacity 101184K, committed 101800K, reserved 1136640K
  class space    used 12730K, capacity 13639K, committed 14000K, reserved 1048576K
Event: 22.901 GC heap after
Heap after GC invocations=22 (full 4):
 PSYoungGen      total 634368K, used 20491K [0x00000000d5580000, 0x00000000ff780000, 0x0000000100000000)
  eden space 584704K, 0% used [0x00000000d5580000,0x00000000d5580000,0x00000000f9080000)
  from space 49664K, 41% used [0x00000000fc700000,0x00000000fdb02f00,0x00000000ff780000)
  to   space 52736K, 0% used [0x00000000f9080000,0x00000000f9080000,0x00000000fc400000)
 ParOldGen       total 324096K, used 168655K [0x0000000080000000, 0x0000000093c80000, 0x00000000d5580000)
  object space 324096K, 52% used [0x0000000080000000,0x000000008a4b3ea0,0x0000000093c80000)
 Metaspace       used 96303K, capacity 101184K, committed 101800K, reserved 1136640K
  class space    used 12730K, capacity 13639K, committed 14000K, reserved 1048576K
}
Event: 23.928 GC heap before
{Heap before GC invocations=23 (full 4):
 PSYoungGen      total 634368K, used 605195K [0x00000000d5580000, 0x00000000ff780000, 0x0000000100000000)
  eden space 584704K, 100% used [0x00000000d5580000,0x00000000f9080000,0x00000000f9080000)
  from space 49664K, 41% used [0x00000000fc700000,0x00000000fdb02f00,0x00000000ff780000)
  to   space 52736K, 0% used [0x00000000f9080000,0x00000000f9080000,0x00000000fc400000)
 ParOldGen       total 324096K, used 168655K [0x0000000080000000, 0x0000000093c80000, 0x00000000d5580000)
  object space 324096K, 52% used [0x0000000080000000,0x000000008a4b3ea0,0x0000000093c80000)
 Metaspace       used 96335K, capacity 101192K, committed 101800K, reserved 1136640K
  class space    used 12730K, capacity 13639K, committed 14000K, reserved 1048576K
Event: 23.963 GC heap after
Heap after GC invocations=23 (full 4):
 PSYoungGen      total 637440K, used 10099K [0x00000000d5580000, 0x0000000100000000, 0x0000000100000000)
  eden space 584704K, 0% used [0x00000000d5580000,0x00000000d5580000,0x00000000f9080000)
  from space 52736K, 19% used [0x00000000f9080000,0x00000000f9a5cec8,0x00000000fc400000)
  to   space 52224K, 0% used [0x00000000fcd00000,0x00000000fcd00000,0x0000000100000000)
 ParOldGen       total 324096K, used 186130K [0x0000000080000000, 0x0000000093c80000, 0x00000000d5580000)
  object space 324096K, 57% used [0x0000000080000000,0x000000008b5c48e0,0x0000000093c80000)
 Metaspace       used 96335K, capacity 101192K, committed 101800K, reserved 1136640K
  class space    used 12730K, capacity 13639K, committed 14000K, reserved 1048576K
}
Event: 24.841 GC heap before
{Heap before GC invocations=24 (full 4):
 PSYoungGen      total 637440K, used 594803K [0x00000000d5580000, 0x0000000100000000, 0x0000000100000000)
  eden space 584704K, 100% used [0x00000000d5580000,0x00000000f9080000,0x00000000f9080000)
  from space 52736K, 19% used [0x00000000f9080000,0x00000000f9a5cec8,0x00000000fc400000)
  to   space 52224K, 0% used [0x00000000fcd00000,0x00000000fcd00000,0x0000000100000000)
 ParOldGen       total 324096K, used 186130K [0x0000000080000000, 0x0000000093c80000, 0x00000000d5580000)
  object space 324096K, 57% used [0x0000000080000000,0x000000008b5c48e0,0x0000000093c80000)
 Metaspace       used 96365K, capacity 101256K, committed 102056K, reserved 1136640K
  class space    used 12730K, capacity 13639K, committed 14000K, reserved 1048576K
Event: 24.858 GC heap after
Heap after GC invocations=24 (full 4):
 PSYoungGen      total 643584K, used 10285K [0x00000000d5580000, 0x00000000ffd80000, 0x0000000100000000)
  eden space 593920K, 0% used [0x00000000d5580000,0x00000000d5580000,0x00000000f9980000)
  from space 49664K, 20% used [0x00000000fcd00000,0x00000000fd70b4c0,0x00000000ffd80000)
  to   space 51200K, 0% used [0x00000000f9980000,0x00000000f9980000,0x00000000fcb80000)
 ParOldGen       total 324096K, used 193608K [0x0000000080000000, 0x0000000093c80000, 0x00000000d5580000)
  object space 324096K, 59% used [0x0000000080000000,0x000000008bd12220,0x0000000093c80000)
 Metaspace       used 96365K, capacity 101256K, committed 102056K, reserved 1136640K
  class space    used 12730K, capacity 13639K, committed 14000K, reserved 1048576K
}

